# -------------------- $ kubectl auth can-i create namespaces 
  Warning: resource 'namespaces' is not namespace scoped
  yes

# -------------------- $ tofu init 
  Initializing the backend...
  Initializing modules...
  - nvidia_gpu_operator in ../../module

  Initializing provider plugins...
  - Finding hashicorp/helm versions matching ">= 2.0.0"...
  - Installing hashicorp/helm v3.0.2...
  - Installed hashicorp/helm v3.0.2 (signed, key ID 0C0AF313E5FD9F80)

  Providers are signed by their developers.
  If you'd like to know more about provider signing, you can read about it here:
  https://opentofu.org/docs/cli/plugins/signing/

  OpenTofu has created a lock file .terraform.lock.hcl to record the provider
  selections it made above. Include this file in your version control repository
  so that OpenTofu can guarantee to make the same selections by default when
  you run "tofu init" in the future.

  OpenTofu has been successfully initialized!

  You may now begin working with OpenTofu. Try running "tofu plan" to see
  any changes that are required for your infrastructure. All OpenTofu commands
  should now work.

  If you ever set or change modules or backend configuration for OpenTofu,
  rerun this command to reinitialize your working directory. If you forget, other
  commands will detect it and remind you to do so if necessary.

# ========================================
# -------------------- $ tofu apply
  OpenTofu used the selected providers to generate the following execution plan. Resource actions are indicated with the following symbols:
    + create

  OpenTofu will perform the following actions:

    # module.nvidia_gpu_operator.helm_release.nvidia_gpu_operator will be created
    + resource "helm_release" "nvidia_gpu_operator" {
        + atomic                     = false
        + chart                      = "gpu-operator"
        + cleanup_on_fail            = false
        + create_namespace           = true
        + dependency_update          = false
        + disable_crd_hooks          = false
        + disable_openapi_validation = false
        + disable_webhooks           = false
        + force_update               = false
        + id                         = (known after apply)
        + lint                       = false
        + max_history                = 0
        + metadata                   = (known after apply)
        + name                       = "nvidia-gpu-operator"
        + namespace                  = "gpu-operator"
        + pass_credentials           = false
        + recreate_pods              = false
        + render_subchart_notes      = true
        + replace                    = false
        + repository                 = "https://helm.ngc.nvidia.com/nvidia"
        + reset_values               = false
        + reuse_values               = false
        + skip_crds                  = false
        + status                     = "deployed"
        + timeout                    = 300
        + values                     = [
            + <<-EOT
                  "dcgmExporter":
                    "enabled": true
                  "driver":
                    "enabled": true
                    "rdma":
                      "enabled": false
                      "useHostMofed": false
                    "usePrecompiled": false
                  "mig":
                    "labels": "[]"
                    "strategy": "single"
                  "operator":
                    "defaultRuntime": "containerd"
              EOT,
          ]
        + verify                     = false
        + version                    = "v25.3.2"
        + wait                       = true
        + wait_for_jobs              = false
      }

  Plan: 1 to add, 0 to change, 0 to destroy.

  Do you want to perform these actions?
    OpenTofu will perform the actions described above.
    Only 'yes' will be accepted to approve.

    Enter a value: yes

  module.nvidia_gpu_operator.helm_release.nvidia_gpu_operator: Creating...
  module.nvidia_gpu_operator.helm_release.nvidia_gpu_operator: Still creating... [10s elapsed]
  module.nvidia_gpu_operator.helm_release.nvidia_gpu_operator: Still creating... [20s elapsed]
  module.nvidia_gpu_operator.helm_release.nvidia_gpu_operator: Creation complete after 28s [id=nvidia-gpu-operator]

  Apply complete! Resources: 1 added, 0 changed, 0 destroyed.


# -------------------- $ helm list -A | grep gpu                                         
  nvidia-gpu-operator     gpu-operator    1               2025-08-27 13:03:59.003364 -0500 -05    deployed        gpu-operator-v25.3.2    v25.3.2

# -------------------- $ helm get values nvidia-gpu-operator -n gpu-operator
  USER-SUPPLIED VALUES:
  dcgmExporter:
    enabled: true
  driver:
    enabled: true
    rdma:
      enabled: false
      useHostMofed: false
    usePrecompiled: false
  mig:
    labels: '[]'
    strategy: single
  operator:
    defaultRuntime: containerd

# -------------------- $ helm get values nvidia-gpu-operator -n gpu-operator --all | yq '.driver.version'
  570.148.08

# -------------------- $ kubectl get po -n gpu-operator            
  NAME                                                              READY   STATUS    RESTARTS   AGE
  gpu-operator-679bc7cbfd-xltzg                                     1/1     Running   0          2m6s
  nvidia-gpu-operator-node-feature-discovery-gc-65f9dfd5c-rs9k6     1/1     Running   0          2m6s
  nvidia-gpu-operator-node-feature-discovery-master-6c66cf7cffwqc   1/1     Running   0          2m6s
  nvidia-gpu-operator-node-feature-discovery-worker-rxk5d           1/1     Running   0          2m6s


# ========================================
# -------------------- $ tofu destroy
  module.nvidia_gpu_operator.helm_release.nvidia_gpu_operator: Refreshing state... [id=nvidia-gpu-operator]

  OpenTofu used the selected providers to generate the following execution plan. Resource actions are indicated with the
  following symbols:
    - destroy

  OpenTofu will perform the following actions:

    # module.nvidia_gpu_operator.helm_release.nvidia_gpu_operator will be destroyed
    - resource "helm_release" "nvidia_gpu_operator" {
        - atomic                     = false -> null
        - chart                      = "gpu-operator" -> null
        - cleanup_on_fail            = false -> null
        - create_namespace           = true -> null
        - dependency_update          = false -> null
        - disable_crd_hooks          = false -> null
        - disable_openapi_validation = false -> null
        - disable_webhooks           = false -> null
        - force_update               = false -> null
        - id                         = "nvidia-gpu-operator" -> null
        - lint                       = false -> null
        - max_history                = 0 -> null
        - metadata                   = {
            - app_version    = "v25.3.2" -> null
            - chart          = "gpu-operator" -> null
            - first_deployed = 1756317839 -> null
            - last_deployed  = 1756317839 -> null
            - name           = "nvidia-gpu-operator" -> null
            - namespace      = "gpu-operator" -> null
            - notes          = "" -> null
            - revision       = 1 -> null
            - values         = jsonencode(
                  {
                    - dcgmExporter = {
                        - enabled = true
                      }
                    - driver       = {
                        - enabled        = true
                        - rdma           = {
                            - enabled      = false
                            - useHostMofed = false
                          }
                        - usePrecompiled = false
                      }
                    - mig          = {
                        - labels   = jsonencode([])
                        - strategy = "single"
                      }
                    - operator     = {
                        - defaultRuntime = "containerd"
                      }
                  }
              ) -> null
            - version        = "v25.3.2" -> null
          } -> null
        - name                       = "nvidia-gpu-operator" -> null
        - namespace                  = "gpu-operator" -> null
        - pass_credentials           = false -> null
        - recreate_pods              = false -> null
        - render_subchart_notes      = true -> null
        - replace                    = false -> null
        - repository                 = "https://helm.ngc.nvidia.com/nvidia" -> null
        - reset_values               = false -> null
        - reuse_values               = false -> null
        - skip_crds                  = false -> null
        - status                     = "deployed" -> null
        - timeout                    = 300 -> null
        - values                     = [
            - <<-EOT
                  "dcgmExporter":
                    "enabled": true
                  "driver":
                    "enabled": true
                    "rdma":
                      "enabled": false
                      "useHostMofed": false
                    "usePrecompiled": false
                  "mig":
                    "labels": "[]"
                    "strategy": "single"
                  "operator":
                    "defaultRuntime": "containerd"
              EOT,
          ] -> null
        - verify                     = false -> null
        - version                    = "v25.3.2" -> null
        - wait                       = true -> null
        - wait_for_jobs              = false -> null
      }

  Plan: 0 to add, 0 to change, 1 to destroy.

  Do you really want to destroy all resources?
    OpenTofu will destroy all your managed infrastructure, as shown above.
    There is no undo. Only 'yes' will be accepted to confirm.

    Enter a value: yes

  module.nvidia_gpu_operator.helm_release.nvidia_gpu_operator: Destroying... [id=nvidia-gpu-operator]
  module.nvidia_gpu_operator.helm_release.nvidia_gpu_operator: Still destroying... [id=nvidia-gpu-operator, 10s elapsed]
  module.nvidia_gpu_operator.helm_release.nvidia_gpu_operator: Destruction complete after 13s

  Destroy complete! Resources: 1 destroyed.

# -------------------- $ helm list -A | grep gpu
  [Empty]

# -------------------- $ kubectl get po -n gpu-operator
  No resources found in gpu-operator namespace.
